0 info it worked if it ends with ok
1 verbose cli [ '/usr/local/bin/node',
1 verbose cli   '/usr/local/bin/npm',
1 verbose cli   'install',
1 verbose cli   'angularjs-auth',
1 verbose cli   '--save' ]
2 info using npm@2.14.7
3 info using node@v4.2.0
4 verbose install initial load of /Users/Jonathan/Desktop/lince/package.json
5 verbose installManyTop reading scoped package data from /Users/Jonathan/Desktop/lince/node_modules/bootstrap-sass/package.json
6 verbose installManyTop reading scoped package data from /Users/Jonathan/Desktop/lince/node_modules/gulp/package.json
7 verbose installManyTop reading scoped package data from /Users/Jonathan/Desktop/lince/node_modules/gulp-clean/package.json
8 verbose installManyTop reading scoped package data from /Users/Jonathan/Desktop/lince/node_modules/gulp-livereload/package.json
9 verbose installManyTop reading scoped package data from /Users/Jonathan/Desktop/lince/node_modules/laravel-elixir/package.json
10 verbose installManyTop reading scoped package data from /Users/Jonathan/Desktop/lince/node_modules/rimraf/package.json
11 info package.json gulp-clean@0.3.1 No license field.
12 verbose readDependencies loading dependencies from /Users/Jonathan/Desktop/lince/package.json
13 silly cache add args [ 'angularjs-auth', null ]
14 verbose cache add spec angularjs-auth
15 silly cache add parsed spec Result {
15 silly cache add   raw: 'angularjs-auth',
15 silly cache add   scope: null,
15 silly cache add   name: 'angularjs-auth',
15 silly cache add   rawSpec: '',
15 silly cache add   spec: '*',
15 silly cache add   type: 'range' }
16 silly addNamed angularjs-auth@*
17 verbose addNamed "*" is a valid semver range for angularjs-auth
18 silly addNameRange { name: 'angularjs-auth', range: '*', hasData: false }
19 silly mapToRegistry name angularjs-auth
20 silly mapToRegistry using default registry
21 silly mapToRegistry registry https://registry.npmjs.org/
22 silly mapToRegistry uri https://registry.npmjs.org/angularjs-auth
23 verbose addNameRange registry:https://registry.npmjs.org/angularjs-auth not in flight; fetching
24 verbose request uri https://registry.npmjs.org/angularjs-auth
25 verbose request no auth needed
26 info attempt registry request try #1 at 9:43:33 PM
27 verbose request id e55fc32aafe7bed8
28 http request GET https://registry.npmjs.org/angularjs-auth
29 http 404 https://registry.npmjs.org/angularjs-auth
30 verbose headers { 'content-type': 'application/json',
30 verbose headers   'cache-control': 'max-age=0',
30 verbose headers   'content-length': '2',
30 verbose headers   'accept-ranges': 'bytes',
30 verbose headers   date: 'Tue, 27 Oct 2015 23:43:34 GMT',
30 verbose headers   via: '1.1 varnish',
30 verbose headers   age: '0',
30 verbose headers   connection: 'keep-alive',
30 verbose headers   'x-served-by': 'cache-iad2122-IAD',
30 verbose headers   'x-cache': 'MISS',
30 verbose headers   'x-cache-hits': '0',
30 verbose headers   'x-timer': 'S1445989414.809987,VS0,VE15' }
31 silly get cb [ 404,
31 silly get   { 'content-type': 'application/json',
31 silly get     'cache-control': 'max-age=0',
31 silly get     'content-length': '2',
31 silly get     'accept-ranges': 'bytes',
31 silly get     date: 'Tue, 27 Oct 2015 23:43:34 GMT',
31 silly get     via: '1.1 varnish',
31 silly get     age: '0',
31 silly get     connection: 'keep-alive',
31 silly get     'x-served-by': 'cache-iad2122-IAD',
31 silly get     'x-cache': 'MISS',
31 silly get     'x-cache-hits': '0',
31 silly get     'x-timer': 'S1445989414.809987,VS0,VE15' } ]
32 verbose stack Error: Registry returned 404 for GET on https://registry.npmjs.org/angularjs-auth
32 verbose stack     at makeError (/usr/local/lib/node_modules/npm/node_modules/npm-registry-client/lib/request.js:264:12)
32 verbose stack     at CachingRegistryClient.<anonymous> (/usr/local/lib/node_modules/npm/node_modules/npm-registry-client/lib/request.js:242:14)
32 verbose stack     at Request._callback (/usr/local/lib/node_modules/npm/node_modules/npm-registry-client/lib/request.js:172:14)
32 verbose stack     at Request.self.callback (/usr/local/lib/node_modules/npm/node_modules/request/request.js:198:22)
32 verbose stack     at emitTwo (events.js:87:13)
32 verbose stack     at Request.emit (events.js:172:7)
32 verbose stack     at Request.<anonymous> (/usr/local/lib/node_modules/npm/node_modules/request/request.js:1063:14)
32 verbose stack     at emitOne (events.js:82:20)
32 verbose stack     at Request.emit (events.js:169:7)
32 verbose stack     at IncomingMessage.<anonymous> (/usr/local/lib/node_modules/npm/node_modules/request/request.js:1009:12)
33 verbose statusCode 404
34 verbose pkgid angularjs-auth
35 verbose cwd /Users/Jonathan/Desktop/lince
36 error Darwin 15.0.0
37 error argv "/usr/local/bin/node" "/usr/local/bin/npm" "install" "angularjs-auth" "--save"
38 error node v4.2.0
39 error npm  v2.14.7
40 error code E404
41 error 404 Registry returned 404 for GET on https://registry.npmjs.org/angularjs-auth
41 error 404
41 error 404 'angularjs-auth' is not in the npm registry.
41 error 404 You should bug the author to publish it (or use the name yourself!)
41 error 404
41 error 404 Note that you can also install from a
41 error 404 tarball, folder, http url, or git url.
42 verbose exit [ 1, true ]
